<?xml version="1.0" encoding="UTF-8"?>
<!-- Generated by org.testng.reporters.JUnitXMLReporter -->
<testsuite ignored="0" hostname="RINMAC2974" failures="1" tests="1" name="Default test(failed)" time="37.496" errors="0" timestamp="12 Oct 2022 09:19:38 GMT">
  <testcase classname="RSDA.RSDAAPP.Test.Register2" name="register" time="24.763">
    <failure type="org.openqa.selenium.NoSuchElementException" message="no such element: Unable to locate element: {&amp;quot;method&amp;quot;:&amp;quot;xpath&amp;quot;,&amp;quot;selector&amp;quot;:&amp;quot;//div[@id=&amp;apos;prim_createANewAccountForRegistrationConfirmation&amp;apos;]/div&amp;quot;}
  (Session info: chrome=106.0.5249.79)
For documentation on this error, please visit: https://selenium.dev/exceptions/#no_such_element
Build info: version: &amp;apos;4.1.4&amp;apos;, revision: &amp;apos;535d840ee2&amp;apos;
System info: host: &amp;apos;RINMAC2974&amp;apos;, ip: &amp;apos;fe80:0:0:0:c3a:7698:3acf:da38%en0&amp;apos;, os.name: &amp;apos;Mac OS X&amp;apos;, os.arch: &amp;apos;x86_64&amp;apos;, os.version: &amp;apos;12.2.1&amp;apos;, java.version: &amp;apos;18.0.1.1&amp;apos;
Driver info: io.appium.java_client.android.AndroidDriver
Command: [bec3adac-46b0-446a-a170-861e46bca1a4, findElement {using=xpath, value=//div[@id=&amp;apos;prim_createANewAccountForRegistrationConfirmation&amp;apos;]/div}]
Capabilities {appium:app: /Users/saroj.kumar/eclipse-..., appium:appPackage: jp.co.rakuten.academy.inies..., appium:automationName: uiautomator2, appium:databaseEnabled: false, appium:desired: {app: /Users/saroj.kumar/eclipse-..., automationName: uiautomator2, enableMultiWindows: true, platformName: android, udid: 321014504727}, appium:deviceApiLevel: 29, appium:deviceManufacturer: ZTE, appium:deviceModel: ZR01, appium:deviceName: 321014504727, appium:deviceScreenDensity: 480, appium:deviceScreenSize: 1080x2460, appium:deviceUDID: 321014504727, appium:enableMultiWindows: true, appium:javascriptEnabled: true, appium:locationContextEnabled: false, appium:networkConnectionEnabled: true, appium:pixelRatio: 3, appium:platformVersion: 10, appium:statBarHeight: 99, appium:takesScreenshot: true, appium:udid: 321014504727, appium:viewportRect: {height: 2142, left: 0, top: 99, width: 1080}, appium:warnings: {}, appium:webStorageEnabled: false, platformName: android}
Session ID: bec3adac-46b0-446a-a170-861e46bca1a4">
      <![CDATA[org.openqa.selenium.NoSuchElementException: no such element: Unable to locate element: {"method":"xpath","selector":"//div[@id='prim_createANewAccountForRegistrationConfirmation']/div"}
  (Session info: chrome=106.0.5249.79)
For documentation on this error, please visit: https://selenium.dev/exceptions/#no_such_element
Build info: version: '4.1.4', revision: '535d840ee2'
System info: host: 'RINMAC2974', ip: 'fe80:0:0:0:c3a:7698:3acf:da38%en0', os.name: 'Mac OS X', os.arch: 'x86_64', os.version: '12.2.1', java.version: '18.0.1.1'
Driver info: io.appium.java_client.android.AndroidDriver
Command: [bec3adac-46b0-446a-a170-861e46bca1a4, findElement {using=xpath, value=//div[@id='prim_createANewAccountForRegistrationConfirmation']/div}]
Capabilities {appium:app: /Users/saroj.kumar/eclipse-..., appium:appPackage: jp.co.rakuten.academy.inies..., appium:automationName: uiautomator2, appium:databaseEnabled: false, appium:desired: {app: /Users/saroj.kumar/eclipse-..., automationName: uiautomator2, enableMultiWindows: true, platformName: android, udid: 321014504727}, appium:deviceApiLevel: 29, appium:deviceManufacturer: ZTE, appium:deviceModel: ZR01, appium:deviceName: 321014504727, appium:deviceScreenDensity: 480, appium:deviceScreenSize: 1080x2460, appium:deviceUDID: 321014504727, appium:enableMultiWindows: true, appium:javascriptEnabled: true, appium:locationContextEnabled: false, appium:networkConnectionEnabled: true, appium:pixelRatio: 3, appium:platformVersion: 10, appium:statBarHeight: 99, appium:takesScreenshot: true, appium:udid: 321014504727, appium:viewportRect: {height: 2142, left: 0, top: 99, width: 1080}, appium:warnings: {}, appium:webStorageEnabled: false, platformName: android}
Session ID: bec3adac-46b0-446a-a170-861e46bca1a4
at org.openqa.selenium.remote.codec.w3c.W3CHttpResponseCodec.createException(W3CHttpResponseCodec.java:200)
at org.openqa.selenium.remote.codec.w3c.W3CHttpResponseCodec.decode(W3CHttpResponseCodec.java:133)
at org.openqa.selenium.remote.codec.w3c.W3CHttpResponseCodec.decode(W3CHttpResponseCodec.java:53)
at org.openqa.selenium.remote.HttpCommandExecutor.execute(HttpCommandExecutor.java:184)
at io.appium.java_client.remote.AppiumCommandExecutor.execute(AppiumCommandExecutor.java:180)
at org.openqa.selenium.remote.RemoteWebDriver.execute(RemoteWebDriver.java:567)
at org.openqa.selenium.remote.ElementLocation$ElementFinder$2.findElement(ElementLocation.java:162)
at org.openqa.selenium.remote.ElementLocation.findElement(ElementLocation.java:60)
at org.openqa.selenium.remote.RemoteWebDriver.findElement(RemoteWebDriver.java:385)
at org.openqa.selenium.remote.RemoteWebDriver.findElement(RemoteWebDriver.java:377)
at org.openqa.selenium.support.pagefactory.DefaultElementLocator.findElement(DefaultElementLocator.java:70)
at org.openqa.selenium.support.pagefactory.internal.LocatingElementHandler.invoke(LocatingElementHandler.java:39)
at jdk.proxy2/jdk.proxy2.$Proxy18.click(Unknown Source)
at RSDA.RSDAAPP.PageObjectModal.RIDWebPage.clickCompleteSignUp(RIDWebPage.java:121)
at RSDA.RSDAAPP.Test.Register2.register(Register2.java:66)
... Removed 26 stack frames]]>
    </failure>
  </testcase> <!-- register -->
</testsuite> <!-- Default test(failed) -->
