<?xml version="1.0" encoding="UTF-8"?>
<!-- Generated by org.testng.reporters.JUnitXMLReporter -->
<testsuite ignored="1" hostname="RINMAC2974" failures="1" tests="11" name="Test" time="75.289" errors="0" timestamp="16 Oct 2022 15:38:55 GMT">
  <testcase classname="RSDA.RSDAAPP.Test.Login" name="Login" time="9.015"/>
  <testcase classname="RSDA.RSDAAPP.Test.LearningHub" name="checkChannelRedirection" time="29.089"/>
  <testcase classname="RSDA.RSDAAPP.Test.LearningHub" name="checkSeeMyProgressLink" time="3.032"/>
  <testcase classname="RSDA.RSDAAPP.Test.LearningHub" name="playFreeVideo" time="2.701"/>
  <testcase classname="RSDA.RSDAAPP.Test.LearningHub" name="playPremiumVideo" time="2.963"/>
  <testcase classname="RSDA.RSDAAPP.Test.LearningHub" name="playcontinuewatchingvideo" time="1.025"/>
  <testcase classname="RSDA.RSDAAPP.Test.IniestaTv" name="clickIniestaTvIcon" time="7.155"/>
  <testcase classname="RSDA.RSDAAPP.Test.myprogress" name="clickMyProgress" time="0.966"/>
  <testcase classname="RSDA.RSDAAPP.Test.Downloads" name="clickDownloads" time="1.601"/>
  <testcase classname="RSDA.RSDAAPP.Test.Downloads" name="getpremiummessage" time="2.35"/>
  <testcase classname="RSDA.RSDAAPP.Test.IniestaTv" name="playIniestaVideo" time="15.164">
    <failure type="org.openqa.selenium.NoSuchElementException" message="An element could not be located on the page using the given search parameters.
For documentation on this error, please visit: https://selenium.dev/exceptions/#no_such_element
Build info: version: &amp;apos;4.1.4&amp;apos;, revision: &amp;apos;535d840ee2&amp;apos;
System info: host: &amp;apos;RINMAC2974&amp;apos;, ip: &amp;apos;fe80:0:0:0:8c8:57f6:5b9b:55e0%en0&amp;apos;, os.name: &amp;apos;Mac OS X&amp;apos;, os.arch: &amp;apos;x86_64&amp;apos;, os.version: &amp;apos;12.2.1&amp;apos;, java.version: &amp;apos;18.0.1.1&amp;apos;
Driver info: io.appium.java_client.android.AndroidDriver
Command: [2035b256-68ea-4856-82de-062c2549de86, findElement {using=-android uiautomator, value=new UiSelector().textContains(&amp;quot;This new chapter of Football&amp;quot;)}]
Capabilities {appium:app: /Users/saroj.kumar/eclipse-..., appium:appPackage: jp.co.rakuten.academy.inies..., appium:automationName: uiautomator2, appium:databaseEnabled: false, appium:desired: {app: /Users/saroj.kumar/eclipse-..., automationName: uiautomator2, enableMultiWindows: true, platformName: android, udid: 321014504727}, appium:deviceApiLevel: 29, appium:deviceManufacturer: ZTE, appium:deviceModel: ZR01, appium:deviceName: 321014504727, appium:deviceScreenDensity: 480, appium:deviceScreenSize: 1080x2460, appium:deviceUDID: 321014504727, appium:enableMultiWindows: true, appium:javascriptEnabled: true, appium:locationContextEnabled: false, appium:networkConnectionEnabled: true, appium:pixelRatio: 3, appium:platformVersion: 10, appium:statBarHeight: 99, appium:takesScreenshot: true, appium:udid: 321014504727, appium:viewportRect: {height: 2142, left: 0, top: 99, width: 1080}, appium:warnings: {}, appium:webStorageEnabled: false, platformName: android}
Session ID: 2035b256-68ea-4856-82de-062c2549de86">
      <![CDATA[org.openqa.selenium.NoSuchElementException: An element could not be located on the page using the given search parameters.
For documentation on this error, please visit: https://selenium.dev/exceptions/#no_such_element
Build info: version: '4.1.4', revision: '535d840ee2'
System info: host: 'RINMAC2974', ip: 'fe80:0:0:0:8c8:57f6:5b9b:55e0%en0', os.name: 'Mac OS X', os.arch: 'x86_64', os.version: '12.2.1', java.version: '18.0.1.1'
Driver info: io.appium.java_client.android.AndroidDriver
Command: [2035b256-68ea-4856-82de-062c2549de86, findElement {using=-android uiautomator, value=new UiSelector().textContains("This new chapter of Football")}]
Capabilities {appium:app: /Users/saroj.kumar/eclipse-..., appium:appPackage: jp.co.rakuten.academy.inies..., appium:automationName: uiautomator2, appium:databaseEnabled: false, appium:desired: {app: /Users/saroj.kumar/eclipse-..., automationName: uiautomator2, enableMultiWindows: true, platformName: android, udid: 321014504727}, appium:deviceApiLevel: 29, appium:deviceManufacturer: ZTE, appium:deviceModel: ZR01, appium:deviceName: 321014504727, appium:deviceScreenDensity: 480, appium:deviceScreenSize: 1080x2460, appium:deviceUDID: 321014504727, appium:enableMultiWindows: true, appium:javascriptEnabled: true, appium:locationContextEnabled: false, appium:networkConnectionEnabled: true, appium:pixelRatio: 3, appium:platformVersion: 10, appium:statBarHeight: 99, appium:takesScreenshot: true, appium:udid: 321014504727, appium:viewportRect: {height: 2142, left: 0, top: 99, width: 1080}, appium:warnings: {}, appium:webStorageEnabled: false, platformName: android}
Session ID: 2035b256-68ea-4856-82de-062c2549de86
at org.openqa.selenium.remote.codec.w3c.W3CHttpResponseCodec.createException(W3CHttpResponseCodec.java:200)
at org.openqa.selenium.remote.codec.w3c.W3CHttpResponseCodec.decode(W3CHttpResponseCodec.java:133)
at org.openqa.selenium.remote.codec.w3c.W3CHttpResponseCodec.decode(W3CHttpResponseCodec.java:53)
at org.openqa.selenium.remote.HttpCommandExecutor.execute(HttpCommandExecutor.java:184)
at io.appium.java_client.remote.AppiumCommandExecutor.execute(AppiumCommandExecutor.java:180)
at org.openqa.selenium.remote.RemoteWebDriver.execute(RemoteWebDriver.java:567)
at org.openqa.selenium.remote.ElementLocation$ElementFinder$2.findElement(ElementLocation.java:162)
at org.openqa.selenium.remote.ElementLocation.findElement(ElementLocation.java:60)
at org.openqa.selenium.remote.RemoteWebDriver.findElement(RemoteWebDriver.java:385)
at org.openqa.selenium.remote.RemoteWebDriver.findElement(RemoteWebDriver.java:377)
at RSDA.RSDAAPP.PageObjectModal.IniestaTVPage.playIniestaVideo(IniestaTVPage.java:85)
at RSDA.RSDAAPP.Test.IniestaTv.playIniestaVideo(IniestaTv.java:50)
... Removed 26 stack frames]]>
    </failure>
  </testcase> <!-- playIniestaVideo -->
  <testcase classname="RSDA.RSDAAPP.Test.setup" name="@BeforeSuite InitilizeDriver" time="0.0">
    <ignored/>
  </testcase> <!-- @BeforeSuite InitilizeDriver -->
</testsuite> <!-- Test -->
