<html>
<head>
<title>TestNG:  Test</title>
<link href="../testng.css" rel="stylesheet" type="text/css" />
<link href="../my-testng.css" rel="stylesheet" type="text/css" />

<style type="text/css">
.log { display: none;} 
.stack-trace { display: none;} 
</style>
<script type="text/javascript">
<!--
function flip(e) {
  current = e.style.display;
  if (current == 'block') {
    e.style.display = 'none';
    return 0;
  }
  else {
    e.style.display = 'block';
    return 1;
  }
}

function toggleBox(szDivId, elem, msg1, msg2)
{
  var res = -1;  if (document.getElementById) {
    res = flip(document.getElementById(szDivId));
  }
  else if (document.all) {
    // this is the way old msie versions work
    res = flip(document.all[szDivId]);
  }
  if(elem) {
    if(res == 0) elem.innerHTML = msg1; else elem.innerHTML = msg2;
  }

}

function toggleAllBoxes() {
  if (document.getElementsByTagName) {
    d = document.getElementsByTagName('div');
    for (i = 0; i < d.length; i++) {
      if (d[i].className == 'log') {
        flip(d[i]);
      }
    }
  }
}

// -->
</script>

</head>
<body>
<h2 align='center'>Test</h2><table border='1' align="center">
<tr>
<td>Tests passed/Failed/Skipped:</td><td>10/1/0</td>
</tr><tr>
<td>Started on:</td><td>Sun Oct 16 21:07:40 IST 2022</td>
</tr>
<tr><td>Total time:</td><td>75 seconds (75289 ms)</td>
</tr><tr>
<td>Included groups:</td><td></td>
</tr><tr>
<td>Excluded groups:</td><td></td>
</tr>
</table><p/>
<small><i>(Hover the method name to see the test class name)</i></small><p/>
<table width='100%' border='1' class='invocation-failed'>
<tr><td colspan='4' align='center'><b>FAILED TESTS</b></td></tr>
<tr><td><b>Test method</b></td>
<td width="30%"><b>Exception</b></td>
<td width="10%"><b>Time (seconds)</b></td>
<td><b>Instance</b></td>
</tr>
<tr>
<td title='RSDA.RSDAAPP.Test.IniestaTv.playIniestaVideo()'><b>playIniestaVideo</b><br>Test class: RSDA.RSDAAPP.Test.IniestaTv</td>
<td><div><pre>org.openqa.selenium.NoSuchElementException: An element could not be located on the page using the given search parameters.
For documentation on this error, please visit: https://selenium.dev/exceptions/#no_such_element
Build info: version: &apos;4.1.4&apos;, revision: &apos;535d840ee2&apos;
System info: host: &apos;RINMAC2974&apos;, ip: &apos;fe80:0:0:0:8c8:57f6:5b9b:55e0%en0&apos;, os.name: &apos;Mac OS X&apos;, os.arch: &apos;x86_64&apos;, os.version: &apos;12.2.1&apos;, java.version: &apos;18.0.1.1&apos;
Driver info: io.appium.java_client.android.AndroidDriver
Command: [2035b256-68ea-4856-82de-062c2549de86, findElement {using=-android uiautomator, value=new UiSelector().textContains(&quot;This new chapter of Football&quot;)}]
Capabilities {appium:app: /Users/saroj.kumar/eclipse-..., appium:appPackage: jp.co.rakuten.academy.inies..., appium:automationName: uiautomator2, appium:databaseEnabled: false, appium:desired: {app: /Users/saroj.kumar/eclipse-..., automationName: uiautomator2, enableMultiWindows: true, platformName: android, udid: 321014504727}, appium:deviceApiLevel: 29, appium:deviceManufacturer: ZTE, appium:deviceModel: ZR01, appium:deviceName: 321014504727, appium:deviceScreenDensity: 480, appium:deviceScreenSize: 1080x2460, appium:deviceUDID: 321014504727, appium:enableMultiWindows: true, appium:javascriptEnabled: true, appium:locationContextEnabled: false, appium:networkConnectionEnabled: true, appium:pixelRatio: 3, appium:platformVersion: 10, appium:statBarHeight: 99, appium:takesScreenshot: true, appium:udid: 321014504727, appium:viewportRect: {height: 2142, left: 0, top: 99, width: 1080}, appium:warnings: {}, appium:webStorageEnabled: false, platformName: android}
Session ID: 2035b256-68ea-4856-82de-062c2549de86
	at org.openqa.selenium.remote.codec.w3c.W3CHttpResponseCodec.createException(W3CHttpResponseCodec.java:200)
	at org.openqa.selenium.remote.codec.w3c.W3CHttpResponseCodec.decode(W3CHttpResponseCodec.java:133)
	at org.openqa.selenium.remote.codec.w3c.W3CHttpResponseCodec.decode(W3CHttpResponseCodec.java:53)
	at org.openqa.selenium.remote.HttpCommandExecutor.execute(HttpCommandExecutor.java:184)
	at io.appium.java_client.remote.AppiumCommandExecutor.execute(AppiumCommandExecutor.java:180)
	at org.openqa.selenium.remote.RemoteWebDriver.execute(RemoteWebDriver.java:567)
	at org.openqa.selenium.remote.ElementLocation$ElementFinder$2.findElement(ElementLocation.java:162)
	at org.openqa.selenium.remote.ElementLocation.findElement(ElementLocation.java:60)
	at org.openqa.selenium.remote.RemoteWebDriver.findElement(RemoteWebDriver.java:385)
	at org.openqa.selenium.remote.RemoteWebDriver.findElement(RemoteWebDriver.java:377)
	at RSDA.RSDAAPP.PageObjectModal.IniestaTVPage.playIniestaVideo(IniestaTVPage.java:85)
	at RSDA.RSDAAPP.Test.IniestaTv.playIniestaVideo(IniestaTv.java:50)
... Removed 26 stack frames</pre></div><a href='#' onClick='toggleBox("stack-trace1494794848", this, "Click to show all stack frames", "Click to hide stack frames")'>Click to show all stack frames</a>
<div class='stack-trace' id='stack-trace1494794848'><pre>org.openqa.selenium.NoSuchElementException: An element could not be located on the page using the given search parameters.
For documentation on this error, please visit: https://selenium.dev/exceptions/#no_such_element
Build info: version: &apos;4.1.4&apos;, revision: &apos;535d840ee2&apos;
System info: host: &apos;RINMAC2974&apos;, ip: &apos;fe80:0:0:0:8c8:57f6:5b9b:55e0%en0&apos;, os.name: &apos;Mac OS X&apos;, os.arch: &apos;x86_64&apos;, os.version: &apos;12.2.1&apos;, java.version: &apos;18.0.1.1&apos;
Driver info: io.appium.java_client.android.AndroidDriver
Command: [2035b256-68ea-4856-82de-062c2549de86, findElement {using=-android uiautomator, value=new UiSelector().textContains(&quot;This new chapter of Football&quot;)}]
Capabilities {appium:app: /Users/saroj.kumar/eclipse-..., appium:appPackage: jp.co.rakuten.academy.inies..., appium:automationName: uiautomator2, appium:databaseEnabled: false, appium:desired: {app: /Users/saroj.kumar/eclipse-..., automationName: uiautomator2, enableMultiWindows: true, platformName: android, udid: 321014504727}, appium:deviceApiLevel: 29, appium:deviceManufacturer: ZTE, appium:deviceModel: ZR01, appium:deviceName: 321014504727, appium:deviceScreenDensity: 480, appium:deviceScreenSize: 1080x2460, appium:deviceUDID: 321014504727, appium:enableMultiWindows: true, appium:javascriptEnabled: true, appium:locationContextEnabled: false, appium:networkConnectionEnabled: true, appium:pixelRatio: 3, appium:platformVersion: 10, appium:statBarHeight: 99, appium:takesScreenshot: true, appium:udid: 321014504727, appium:viewportRect: {height: 2142, left: 0, top: 99, width: 1080}, appium:warnings: {}, appium:webStorageEnabled: false, platformName: android}
Session ID: 2035b256-68ea-4856-82de-062c2549de86
	at java.base/jdk.internal.reflect.DirectConstructorHandleAccessor.newInstance(DirectConstructorHandleAccessor.java:67)
	at java.base/java.lang.reflect.Constructor.newInstanceWithCaller(Constructor.java:499)
	at java.base/java.lang.reflect.Constructor.newInstance(Constructor.java:483)
	at org.openqa.selenium.remote.codec.w3c.W3CHttpResponseCodec.createException(W3CHttpResponseCodec.java:200)
	at org.openqa.selenium.remote.codec.w3c.W3CHttpResponseCodec.decode(W3CHttpResponseCodec.java:133)
	at org.openqa.selenium.remote.codec.w3c.W3CHttpResponseCodec.decode(W3CHttpResponseCodec.java:53)
	at org.openqa.selenium.remote.HttpCommandExecutor.execute(HttpCommandExecutor.java:184)
	at io.appium.java_client.remote.AppiumCommandExecutor.execute(AppiumCommandExecutor.java:180)
	at org.openqa.selenium.remote.RemoteWebDriver.execute(RemoteWebDriver.java:567)
	at org.openqa.selenium.remote.ElementLocation$ElementFinder$2.findElement(ElementLocation.java:162)
	at org.openqa.selenium.remote.ElementLocation.findElement(ElementLocation.java:60)
	at org.openqa.selenium.remote.RemoteWebDriver.findElement(RemoteWebDriver.java:385)
	at org.openqa.selenium.remote.RemoteWebDriver.findElement(RemoteWebDriver.java:377)
	at RSDA.RSDAAPP.PageObjectModal.IniestaTVPage.playIniestaVideo(IniestaTVPage.java:85)
	at RSDA.RSDAAPP.Test.IniestaTv.playIniestaVideo(IniestaTv.java:50)
	at java.base/jdk.internal.reflect.DirectMethodHandleAccessor.invoke(DirectMethodHandleAccessor.java:104)
	at java.base/java.lang.reflect.Method.invoke(Method.java:577)
	at org.testng.internal.MethodInvocationHelper.invokeMethod(MethodInvocationHelper.java:124)
	at org.testng.internal.Invoker.invokeMethod(Invoker.java:583)
	at org.testng.internal.Invoker.invokeTestMethod(Invoker.java:719)
	at org.testng.internal.Invoker.invokeTestMethods(Invoker.java:989)
	at org.testng.internal.TestMethodWorker.invokeTestMethods(TestMethodWorker.java:125)
	at org.testng.internal.TestMethodWorker.run(TestMethodWorker.java:109)
	at org.testng.TestRunner.privateRun(TestRunner.java:648)
	at org.testng.TestRunner.run(TestRunner.java:505)
	at org.testng.SuiteRunner.runTest(SuiteRunner.java:455)
	at org.testng.SuiteRunner.runSequentially(SuiteRunner.java:450)
	at org.testng.SuiteRunner.privateRun(SuiteRunner.java:415)
	at org.testng.SuiteRunner.run(SuiteRunner.java:364)
	at org.testng.SuiteRunnerWorker.runSuite(SuiteRunnerWorker.java:52)
	at org.testng.SuiteRunnerWorker.run(SuiteRunnerWorker.java:84)
	at org.testng.TestNG.runSuitesSequentially(TestNG.java:1208)
	at org.testng.TestNG.runSuitesLocally(TestNG.java:1137)
	at org.testng.TestNG.runSuites(TestNG.java:1049)
	at org.testng.TestNG.run(TestNG.java:1017)
	at org.testng.remote.AbstractRemoteTestNG.run(AbstractRemoteTestNG.java:115)
	at org.testng.remote.RemoteTestNG.initAndRun(RemoteTestNG.java:251)
	at org.testng.remote.RemoteTestNG.main(RemoteTestNG.java:77)
</pre></div></td>
<td>15</td>
<td>RSDA.RSDAAPP.Test.IniestaTv@2767e23c</td></tr>
</table><p>
<table width='100%' border='1' class='invocation-passed'>
<tr><td colspan='4' align='center'><b>PASSED TESTS</b></td></tr>
<tr><td><b>Test method</b></td>
<td width="30%"><b>Exception</b></td>
<td width="10%"><b>Time (seconds)</b></td>
<td><b>Instance</b></td>
</tr>
<tr>
<td title='RSDA.RSDAAPP.Test.Login.Login()'><b>Login</b><br>Test class: RSDA.RSDAAPP.Test.Login</td>
<td></td>
<td>9</td>
<td>RSDA.RSDAAPP.Test.Login@402c4085</td></tr>
<tr>
<td title='RSDA.RSDAAPP.Test.LearningHub.checkChannelRedirection()'><b>checkChannelRedirection</b><br>Test class: RSDA.RSDAAPP.Test.LearningHub</td>
<td></td>
<td>29</td>
<td>RSDA.RSDAAPP.Test.LearningHub@6fa51cd4</td></tr>
<tr>
<td title='RSDA.RSDAAPP.Test.LearningHub.checkSeeMyProgressLink()'><b>checkSeeMyProgressLink</b><br>Test class: RSDA.RSDAAPP.Test.LearningHub</td>
<td></td>
<td>3</td>
<td>RSDA.RSDAAPP.Test.LearningHub@6fa51cd4</td></tr>
<tr>
<td title='RSDA.RSDAAPP.Test.Downloads.clickDownloads()'><b>clickDownloads</b><br>Test class: RSDA.RSDAAPP.Test.Downloads</td>
<td></td>
<td>1</td>
<td>RSDA.RSDAAPP.Test.Downloads@5386659f</td></tr>
<tr>
<td title='RSDA.RSDAAPP.Test.IniestaTv.clickIniestaTvIcon()'><b>clickIniestaTvIcon</b><br>Test class: RSDA.RSDAAPP.Test.IniestaTv</td>
<td></td>
<td>7</td>
<td>RSDA.RSDAAPP.Test.IniestaTv@2767e23c</td></tr>
<tr>
<td title='RSDA.RSDAAPP.Test.myprogress.clickMyProgress()'><b>clickMyProgress</b><br>Test class: RSDA.RSDAAPP.Test.myprogress</td>
<td></td>
<td>0</td>
<td>RSDA.RSDAAPP.Test.myprogress@710c2b53</td></tr>
<tr>
<td title='RSDA.RSDAAPP.Test.Downloads.getpremiummessage()'><b>getpremiummessage</b><br>Test class: RSDA.RSDAAPP.Test.Downloads</td>
<td></td>
<td>2</td>
<td>RSDA.RSDAAPP.Test.Downloads@5386659f</td></tr>
<tr>
<td title='RSDA.RSDAAPP.Test.LearningHub.playFreeVideo()'><b>playFreeVideo</b><br>Test class: RSDA.RSDAAPP.Test.LearningHub</td>
<td></td>
<td>2</td>
<td>RSDA.RSDAAPP.Test.LearningHub@6fa51cd4</td></tr>
<tr>
<td title='RSDA.RSDAAPP.Test.LearningHub.playPremiumVideo()'><b>playPremiumVideo</b><br>Test class: RSDA.RSDAAPP.Test.LearningHub</td>
<td></td>
<td>2</td>
<td>RSDA.RSDAAPP.Test.LearningHub@6fa51cd4</td></tr>
<tr>
<td title='RSDA.RSDAAPP.Test.LearningHub.playcontinuewatchingvideo()'><b>playcontinuewatchingvideo</b><br>Test class: RSDA.RSDAAPP.Test.LearningHub</td>
<td></td>
<td>1</td>
<td>RSDA.RSDAAPP.Test.LearningHub@6fa51cd4</td></tr>
</table><p>
</body>
</html>